Óscar Andrés Gómez
Ricardo Urbina - A00395489
Isabella Huila- A00394751
Isabella Ocampo Soto - A00382369
Nayeli Suarez
Valentina Gonzalez
Miguel Gonzalez - A00395687
Felipe Rojas Prado - A00393918
Esteban Gaviria - A00396019
Daniela Londoño
Valentina Gonzalez-A00394152
Alejandro Cordoba Erazo - A00395678
Juan David Colonia - A00395956
Kevin Steven Nieto - A00395466
Alejandro Londoño Bermudez | A00395978
Nayeli Suarez - A00382425
Daniela Londoño
Cristian Botina - A00395008
Davide Flamini - A00381665
Juan Manuel Marin - A00382037
Andrés Cabezas - A00394772
Daniela Londoño
Juan Felipe Jojoa
Daniela Londono - A00392917
Juan Felipe Jojoa Crespo - A00382042
Daron Mercado A00395421
Sebastian Hidalgo A00372603
Juan David Colonia - A00395956
Miguel Gonzalez - A00395687
Juan David Colonia - A00395956
Juan David Colonia - A00395956
Rafaela Ruiz - A00395368
Juan Manuel Diaz - A00394477
Gerson Hurtado Borja : A00394995
Juan Sebastian Gonzalez
Juan Sebastian Gonzalez A00371810
Juan Ramirez - A00382637
